\BOOKMARK [0][-]{chapter*.1}{\376\377\144\130\211\201}{}% 1
\BOOKMARK [0][-]{chapter*.2}{\376\377\000A\000B\000S\000T\000R\000A\000C\000T\000\050\202\361\145\207\144\130\211\201\000\051}{}% 2
\BOOKMARK [0][-]{section*.3}{\376\377\166\356\137\125}{}% 3
\BOOKMARK [0][-]{chapter.1}{\376\377\204\014\145\260\145\131\172\013}{}% 4
\BOOKMARK [1][-]{section.1.1}{\376\377\217\331\146\057\116\055\150\007\230\230}{chapter.1}% 5
\BOOKMARK [2][-]{subsection.1.1.1}{\376\377\217\331\146\057\134\017\150\007\230\230}{section.1.1}% 6
\BOOKMARK [1][-]{section.1.2}{\376\377\210\150\150\074}{chapter.1}% 7
\BOOKMARK [1][-]{section.1.3}{\376\377\162\171\153\212\173\046\123\367}{chapter.1}% 8
\BOOKMARK [1][-]{section.1.4}{\376\377\123\302\200\003\145\207\163\056\166\204\137\025\165\050}{chapter.1}% 9
\BOOKMARK [0][-]{chapter.2}{\376\377\155\113\213\325\000A}{}% 10
\BOOKMARK [1][-]{section.2.1}{\376\377\142\021\120\132\166\204\0001\116\052\116\213}{chapter.2}% 11
\BOOKMARK [1][-]{section.2.2}{\376\377\142\021\123\310\120\132\166\204\0001\116\052\116\213}{chapter.2}% 12
\BOOKMARK [2][-]{subsection.2.2.1}{\376\377\116\044\116\052\134\017\150\007\230\230\000q}{section.2.2}% 13
\BOOKMARK [2][-]{subsection.2.2.2}{\376\377\116\044\116\052\134\017\150\007\230\230\000p}{section.2.2}% 14
\BOOKMARK [1][-]{section.2.3}{\376\377\217\330\146\057\142\021\120\132\166\204\0001\116\052\116\213}{chapter.2}% 15
\BOOKMARK [0][-]{chapter.3}{\376\377\140\073\176\323}{}% 16
\BOOKMARK [1][-]{section.3.1}{\376\377\140\073\176\323\000\040\140\073\176\323}{chapter.3}% 17
\BOOKMARK [1][-]{section.3.2}{\376\377\140\073\176\323\000\040\140\073\176\323}{chapter.3}% 18
\BOOKMARK [2][-]{subsection.3.2.1}{\376\377\140\073\176\323\000\040\140\073\176\323\000\040\140\073\176\323}{section.3.2}% 19
\BOOKMARK [2][-]{subsection.3.2.2}{\376\377\140\073\176\323\000\040\140\073\176\323\000\040\140\073\176\323}{section.3.2}% 20
\BOOKMARK [1][-]{section.3.3}{\376\377\140\073\176\323\000\040\140\073\176\323}{chapter.3}% 21
\BOOKMARK [0][-]{section*.7}{\376\377\123\302\200\003\145\207\163\056}{}% 22
\BOOKMARK [0][-]{chapter*.10}{\376\377\226\104\137\125}{}% 23
\BOOKMARK [0][-]{chapter*.12}{\376\377\201\364\214\042}{}% 24
\BOOKMARK [0][-]{chapter*.14}{\376\377\153\325\116\032\213\276\213\241\134\017\176\323}{}% 25
